Mon Apr 30 2018 14:51:09 GMT+0530 (India Standard Time) : GET /whfiowefweijf
Mon Apr 30 2018 14:51:11 GMT+0530 (India Standard Time) : GET /whfiowefweijf
Mon Apr 30 2018 14:51:12 GMT+0530 (India Standard Time) : GET /whfiowefweijf
Mon Apr 30 2018 14:51:13 GMT+0530 (India Standard Time) : GET /whfiowefweijf
Mon Apr 30 2018 14:51:13 GMT+0530 (India Standard Time) : GET /whfiowefweijf
Mon Apr 30 2018 14:51:21 GMT+0530 (India Standard Time) : GET /
Mon Apr 30 2018 14:51:25 GMT+0530 (India Standard Time) : GET /
Mon Apr 30 2018 14:51:27 GMT+0530 (India Standard Time) : GET /about
Mon Apr 30 2018 14:51:43 GMT+0530 (India Standard Time) : GET /
Mon Apr 30 2018 14:52:00 GMT+0530 (India Standard Time) : GET /about
Mon Apr 30 2018 14:52:02 GMT+0530 (India Standard Time) : GET /about
Mon Apr 30 2018 14:52:03 GMT+0530 (India Standard Time) : GET /about
Mon Apr 30 2018 14:52:13 GMT+0530 (India Standard Time) : GET /about
Mon Apr 30 2018 14:52:19 GMT+0530 (India Standard Time) : GET /fhweiofn
Mon Apr 30 2018 14:52:27 GMT+0530 (India Standard Time) : GET /
Mon Apr 30 2018 14:54:51 GMT+0530 (India Standard Time) : GET /
Mon Apr 30 2018 14:54:57 GMT+0530 (India Standard Time) : GET /
Mon Apr 30 2018 14:55:08 GMT+0530 (India Standard Time) : GET /about
Mon Apr 30 2018 14:55:11 GMT+0530 (India Standard Time) : GET /about
Mon Apr 30 2018 15:08:09 GMT+0530 (India Standard Time) : GET /about
Mon Apr 30 2018 15:08:10 GMT+0530 (India Standard Time) : GET /about
Mon Apr 30 2018 15:08:11 GMT+0530 (India Standard Time) : GET /about
Mon Apr 30 2018 15:08:32 GMT+0530 (India Standard Time) : GET /about
Mon Apr 30 2018 15:08:33 GMT+0530 (India Standard Time) : GET /about
Mon Apr 30 2018 15:08:33 GMT+0530 (India Standard Time) : GET /about
Mon Apr 30 2018 15:08:34 GMT+0530 (India Standard Time) : GET /about
Mon Apr 30 2018 15:08:34 GMT+0530 (India Standard Time) : GET /about
Mon Apr 30 2018 15:08:34 GMT+0530 (India Standard Time) : GET /about
Mon Apr 30 2018 15:08:37 GMT+0530 (India Standard Time) : GET /
Mon Apr 30 2018 15:09:48 GMT+0530 (India Standard Time) : GET /help.html
Mon Apr 30 2018 15:09:49 GMT+0530 (India Standard Time) : GET /help.html
Mon Apr 30 2018 15:09:52 GMT+0530 (India Standard Time) : GET /
Mon Apr 30 2018 15:09:57 GMT+0530 (India Standard Time) : GET /
Mon Apr 30 2018 15:10:12 GMT+0530 (India Standard Time) : GET /
Mon Apr 30 2018 15:10:13 GMT+0530 (India Standard Time) : GET /
Mon Apr 30 2018 15:10:14 GMT+0530 (India Standard Time) : GET /about
Mon Apr 30 2018 15:10:15 GMT+0530 (India Standard Time) : GET /
Mon Apr 30 2018 15:10:16 GMT+0530 (India Standard Time) : GET /about
Mon Apr 30 2018 15:10:17 GMT+0530 (India Standard Time) : GET /
